sourabhbalgi@turing:~/prj/DS222_assignment2/part1_logreg_local/plots/logreg$ cat dec.log 
sourabhbalgi@turing:~/prj/DS222_assignment2/part1_logreg_local$ python logreg_local_sgd.py --decay_type 'dec'
 Data Loading ...

train data shape: (214994, 8077)
train label data shape: (214994, 50)

 Defining the graph ...

2018-10-31 19:20:15.954412: I tensorflow/core/platform/cpu_feature_guard.cc:141] Your CPU supports instructions that this TensorFlow binary was not compiled to use: AVX2 FMA
Average loss epoch 0: 966.237742298
0.019
Average loss epoch 1: 170.094547344
0.01805
Average loss epoch 2: 36.2796778049
0.0171475
Average loss epoch 3: 9.84266518647
0.0162901
Average loss epoch 4: 4.17715762696
0.0154756
Average loss epoch 5: 2.82172275039
0.0147018
Average loss epoch 6: 2.4938261194
0.0139667
Average loss epoch 7: 2.26959969413
0.0132684
Average loss epoch 8: 2.34581324289
0.012605
Average loss epoch 9: 2.3768878298
0.0119747
Average loss epoch 10: 2.41223292981
0.011376
Average loss epoch 11: 2.40744280365
0.0108072
Average loss epoch 12: 2.35503656459
0.0102668
Average loss epoch 13: 2.36675812163
0.0097535
Average loss epoch 14: 2.40648105459
0.00926582
Average loss epoch 15: 2.408201672
0.00880253
Average loss epoch 16: 2.37952521612
0.0083624
Average loss epoch 17: 2.43232312742
0.00794428
Average loss epoch 18: 2.45331513207
0.00754707
Average loss epoch 19: 2.43902429095
0.00716972
Average loss epoch 20: 2.25249002115
0.00681123
Average loss epoch 21: 2.31715837964
0.00647067
Average loss epoch 22: 2.33985862642
0.00614714
Average loss epoch 23: 2.51287178273
0.00583978
Average loss epoch 24: 1.99231780025
0.00554779
Average loss epoch 25: 1.88777396814
0.0052704
Average loss epoch 26: 1.90264341966
0.00500688
Average loss epoch 27: 2.05209635564
0.00475654
Average loss epoch 28: 2.05114343706
0.00451871
Average loss epoch 29: 2.04114689467
0.00429277
Average loss epoch 30: 2.0487503758
0.00407813
Average loss epoch 31: 1.93969603305
0.00387423
Average loss epoch 32: 0.866395770379
0.00368052
Average loss epoch 33: 1.57419795585
0.00349649
Average loss epoch 34: 2.20721213773
0.00332167
Average loss epoch 35: 2.30448408397
0.00315558
Average loss epoch 36: 2.36622552602
0.0029978
Average loss epoch 37: 2.36144308324
0.00284791
Average loss epoch 38: 2.36741890547
0.00270552
Average loss epoch 39: 2.27639021963
0.00257024
Average loss epoch 40: 2.3417807615
0.00244173
Average loss epoch 41: 2.38854928736
0.00231964
Average loss epoch 42: 2.22173687647
0.00220366
Average loss epoch 43: 2.05045951312
0.00209348
Average loss epoch 44: 1.64815849403
0.0019888
Average loss epoch 45: 1.40856536379
0.00188936
Average loss epoch 46: 1.9979606282
0.0017949
Average loss epoch 47: 2.42653574134
0.00170515
Average loss epoch 48: 2.46309380711
0.00161989
Average loss epoch 49: 2.24958425648
0.0015389
Total time: 541.902541161 seconds
 Testing phase...
2018-10-31 19:29:17.863220: W tensorflow/core/framework/allocator.cc:113] Allocation of 6946026152 exceeds 10% of system memory.
inside accuracy function ...

('Train Accuracy', 58.82861847307367)
2018-10-31 19:32:30.432201: W tensorflow/core/framework/allocator.cc:113] Allocation of 969046152 exceeds 10% of system memory.
inside accuracy function ...

Test Accuracy 59.0684803627
