sourabhbalgi@turing:~/prj/DS222_assignment2/part1_logreg_local$ python logreg_local_sgd.py --decay_type 'const'
 Data Loading ... 

train data shape: (214994, 8077)
train label data shape: (214994, 50)

 Defining the graph ... 

2018-10-31 19:08:30.144467: I tensorflow/core/platform/cpu_feature_guard.cc:141] Your CPU supports instructions that this TensorFlow binary was not compiled to use: AVX2 FMA
Average loss epoch 0: 968.326895084
0.02
Average loss epoch 1: 165.330469815
0.02
Average loss epoch 2: 31.8496745487
0.02
Average loss epoch 3: 7.76412477133
0.02
Average loss epoch 4: 3.3665532436
0.02
Average loss epoch 5: 2.52766198482
0.02
Average loss epoch 6: 2.38604699441
0.02
Average loss epoch 7: 2.23041928039
0.02
Average loss epoch 8: 2.3233335558
0.02
Average loss epoch 9: 2.35094446506
0.02
Average loss epoch 10: 2.39184708415
0.02
Average loss epoch 11: 2.3837591882
0.02
Average loss epoch 12: 2.33670795189
0.02
Average loss epoch 13: 2.34910374767
0.02
Average loss epoch 14: 2.38718590197
0.02
Average loss epoch 15: 2.38748787034
0.02
Average loss epoch 16: 2.3628475891
0.02
Average loss epoch 17: 2.40871157736
0.02
Average loss epoch 18: 2.4319776589
0.02
Average loss epoch 19: 2.41834615312
0.02
Average loss epoch 20: 2.20793685823
0.02
Average loss epoch 21: 2.28499215504
0.02
Average loss epoch 22: 2.30610866367
0.02
Average loss epoch 23: 2.36730507185
0.02
Average loss epoch 24: 1.86992859166
0.02
Average loss epoch 25: 1.82172413367
0.02
Average loss epoch 26: 1.85045968811
0.02
Average loss epoch 27: 1.99395329098
0.02
Average loss epoch 28: 1.94625772845
0.02
Average loss epoch 29: 1.9826059184
0.02
Average loss epoch 30: 1.99256886626
0.02
Average loss epoch 31: 1.59596365128
0.02
Average loss epoch 32: 0.623438174994
0.02
Average loss epoch 33: 1.50267864623
0.02
Average loss epoch 34: 2.1297668421
0.02
Average loss epoch 35: 2.20684537798
0.02
Average loss epoch 36: 2.23926581977
0.02
Average loss epoch 37: 2.16124093757
0.02
Average loss epoch 38: 2.22657003043
0.02
Average loss epoch 39: 2.13540130291
0.02
Average loss epoch 40: 2.1940360879
0.02
Average loss epoch 41: 2.19765000523
0.02
Average loss epoch 42: 2.09962010833
0.02
Average loss epoch 43: 1.59190369777
0.02
Average loss epoch 44: 1.50559841687
0.02
Average loss epoch 45: 1.28721099755
0.02
Average loss epoch 46: 1.89690951131
0.02
Average loss epoch 47: 2.30360491771
0.02
Average loss epoch 48: 2.23783630245
0.02
Average loss epoch 49: 2.11352701907
0.02
Total time: 448.912400007 seconds
 Testing phase...
2018-10-31 19:15:59.059729: W tensorflow/core/framework/allocator.cc:113] Allocation of 6946026152 exceeds 10% of system memory.
inside accuracy function ... 

('Train Accuracy', 52.61681721350363)
2018-10-31 19:16:39.771308: W tensorflow/core/framework/allocator.cc:113] Allocation of 969046152 exceeds 10% of system memory.
inside accuracy function ... 

Test Accuracy 58.0816163233